Using pre-set license
Built from '2021.3/staging' branch; Version is '2021.3.4f1 (cb45f9cae8b7) revision 13321721'; Using compiler version '192829333'; Build Type 'Release'
OS: 'Windows 11  (10.0.22000) 64bit Core' Language: 'en' Physical Memory: 8026 MB
BatchMode: 1, IsHumanControllingUs: 0, StartBugReporterOnCrash: 0, Is64bit: 1, IsPro: 1

COMMAND LINE ARGUMENTS:
C:\Program Files\Unity\Hub\Editor\2021.3.4f1\Editor\Unity.exe
-adb2
-batchMode
-noUpm
-name
AssetImportWorker0
-projectPath
C:/Users/Alpha/Downloads/DungeonTemplate
-logFile
Logs/AssetImportWorker0.log
-srvPort
53687
Successfully changed project path to: C:/Users/Alpha/Downloads/DungeonTemplate
C:/Users/Alpha/Downloads/DungeonTemplate
[UnityMemory] Configuration Parameters - Can be set up in boot.config
    "memorysetup-bucket-allocator-granularity=16"
    "memorysetup-bucket-allocator-bucket-count=8"
    "memorysetup-bucket-allocator-block-size=33554432"
    "memorysetup-bucket-allocator-block-count=8"
    "memorysetup-main-allocator-block-size=16777216"
    "memorysetup-thread-allocator-block-size=16777216"
    "memorysetup-gfx-main-allocator-block-size=16777216"
    "memorysetup-gfx-thread-allocator-block-size=16777216"
    "memorysetup-cache-allocator-block-size=4194304"
    "memorysetup-typetree-allocator-block-size=2097152"
    "memorysetup-profiler-bucket-allocator-granularity=16"
    "memorysetup-profiler-bucket-allocator-bucket-count=8"
    "memorysetup-profiler-bucket-allocator-block-size=33554432"
    "memorysetup-profiler-bucket-allocator-block-count=8"
    "memorysetup-profiler-allocator-block-size=16777216"
    "memorysetup-profiler-editor-allocator-block-size=1048576"
    "memorysetup-temp-allocator-size-main=16777216"
    "memorysetup-job-temp-allocator-block-size=2097152"
    "memorysetup-job-temp-allocator-block-size-background=1048576"
    "memorysetup-job-temp-allocator-reduction-small-platforms=262144"
    "memorysetup-temp-allocator-size-background-worker=32768"
    "memorysetup-temp-allocator-size-job-worker=262144"
    "memorysetup-temp-allocator-size-preload-manager=33554432"
    "memorysetup-temp-allocator-size-nav-mesh-worker=65536"
    "memorysetup-temp-allocator-size-audio-worker=65536"
    "memorysetup-temp-allocator-size-cloud-worker=32768"
    "memorysetup-temp-allocator-size-gi-baking-worker=262144"
    "memorysetup-temp-allocator-size-gfx=262144"
Refreshing native plugins compatible for Editor in 63.39 ms, found 3 plugins.
Preloading 0 native plugins for Editor in 0.00 ms.
Initialize engine version: 2021.3.4f1 (cb45f9cae8b7)
[Subsystems] Discovering subsystems at path C:/Program Files/Unity/Hub/Editor/2021.3.4f1/Editor/Data/Resources/UnitySubsystems
[Subsystems] Discovering subsystems at path C:/Users/Alpha/Downloads/DungeonTemplate/Assets
GfxDevice: creating device client; threaded=0; jobified=0
Direct3D:
    Version:  Direct3D 11.0 [level 11.1]
    Renderer: Intel(R) UHD Graphics (ID=0x9b41)
    Vendor:   Intel
    VRAM:     4013 MB
    Driver:   30.0.100.9864
Initialize mono
Mono path[0] = 'C:/Program Files/Unity/Hub/Editor/2021.3.4f1/Editor/Data/Managed'
Mono path[1] = 'C:/Program Files/Unity/Hub/Editor/2021.3.4f1/Editor/Data/MonoBleedingEdge/lib/mono/unityjit-win32'
Mono config path = 'C:/Program Files/Unity/Hub/Editor/2021.3.4f1/Editor/Data/MonoBleedingEdge/etc'
Using monoOptions --debugger-agent=transport=dt_socket,embedding=1,server=y,suspend=n,address=127.0.0.1:56748
Begin MonoManager ReloadAssembly
Registering precompiled unity dll's ...
Register platform support module: C:/Program Files/Unity/Hub/Editor/2021.3.4f1/Editor/Data/PlaybackEngines/WebGLSupport/UnityEditor.WebGL.Extensions.dll
Register platform support module: C:/Program Files/Unity/Hub/Editor/2021.3.4f1/Editor/Data/PlaybackEngines/WindowsStandaloneSupport/UnityEditor.WindowsStandalone.Extensions.dll
Registered in 0.008037 seconds.
Native extension for WindowsStandalone target not found
Native extension for WebGL target not found
Refreshing native plugins compatible for Editor in 60.18 ms, found 3 plugins.
Preloading 0 native plugins for Editor in 0.00 ms.
Mono: successfully reloaded assembly
- Completed reload, in  0.705 seconds
Domain Reload Profiling:
	ReloadAssembly (706ms)
		BeginReloadAssembly (85ms)
			ExecutionOrderSort (0ms)
			DisableScriptedObjects (0ms)
			BackupInstance (0ms)
			ReleaseScriptingObjects (0ms)
			CreateAndSetChildDomain (1ms)
		EndReloadAssembly (470ms)
			LoadAssemblies (82ms)
			RebuildTransferFunctionScriptingTraits (0ms)
			SetupTypeCache (114ms)
			ReleaseScriptCaches (0ms)
			RebuildScriptCaches (32ms)
			SetupLoadedEditorAssemblies (273ms)
				LogAssemblyErrors (0ms)
				InitializePlatformSupportModulesInManaged (10ms)
				SetLoadedEditorAssemblies (0ms)
				RefreshPlugins (60ms)
				BeforeProcessingInitializeOnLoad (1ms)
				ProcessInitializeOnLoadAttributes (147ms)
				ProcessInitializeOnLoadMethodAttributes (53ms)
				AfterProcessingInitializeOnLoad (0ms)
				EditorAssembliesLoaded (0ms)
			ExecutionOrderSort2 (0ms)
			AwakeInstancesAfterBackupRestoration (0ms)
Platform modules already initialized, skipping
Registering precompiled user dll's ...
Registered in 0.006816 seconds.
Begin MonoManager ReloadAssembly
Native extension for WindowsStandalone target not found
Native extension for WebGL target not found
Refreshing native plugins compatible for Editor in 59.06 ms, found 3 plugins.
Preloading 0 native plugins for Editor in 0.00 ms.
Mono: successfully reloaded assembly
- Completed reload, in  1.091 seconds
Domain Reload Profiling:
	ReloadAssembly (1091ms)
		BeginReloadAssembly (109ms)
			ExecutionOrderSort (0ms)
			DisableScriptedObjects (6ms)
			BackupInstance (0ms)
			ReleaseScriptingObjects (0ms)
			CreateAndSetChildDomain (19ms)
		EndReloadAssembly (864ms)
			LoadAssemblies (81ms)
			RebuildTransferFunctionScriptingTraits (0ms)
			SetupTypeCache (223ms)
			ReleaseScriptCaches (1ms)
			RebuildScriptCaches (57ms)
			SetupLoadedEditorAssemblies (451ms)
				LogAssemblyErrors (0ms)
				InitializePlatformSupportModulesInManaged (6ms)
				SetLoadedEditorAssemblies (0ms)
				RefreshPlugins (59ms)
				BeforeProcessingInitializeOnLoad (98ms)
				ProcessInitializeOnLoadAttributes (235ms)
				ProcessInitializeOnLoadMethodAttributes (46ms)
				AfterProcessingInitializeOnLoad (7ms)
				EditorAssembliesLoaded (0ms)
			ExecutionOrderSort2 (0ms)
			AwakeInstancesAfterBackupRestoration (6ms)
Platform modules already initialized, skipping
========================================================================
Worker process is ready to serve import requests
Launched and connected shader compiler UnityShaderCompiler.exe after 0.03 seconds
Refreshing native plugins compatible for Editor in 0.53 ms, found 3 plugins.
Preloading 0 native plugins for Editor in 0.00 ms.
Unloading 2615 Unused Serialized files (Serialized files now loaded: 0)
Unloading 34 unused Assets / (55.5 KB). Loaded Objects now: 3077.
Memory consumption went from 116.8 MB to 116.8 MB.
Total: 3.444400 ms (FindLiveObjects: 0.238300 ms CreateObjectMapping: 0.134300 ms MarkObjects: 2.984100 ms  DeleteObjects: 0.086700 ms)

AssetImportParameters requested are different than current active one (requested -> active):
  custom:video-decoder-ogg-theora: a1e56fd34408186e4bbccfd4996cb3dc -> 
  custom:container-muxer-webm: aa71ff27fc2769a1b78a27578f13a17b -> 
  custom:container-demuxer-webm: 4f35f7cbe854078d1ac9338744f61a02 -> 
  custom:video-encoder-webm-vp8: eb34c28f22e8b96e1ab97ce403110664 -> 
  custom:video-codec-MediaFoundation-h265: 746d11721c4dcdbdad8f713fa42b33f4 -> 
  custom:audio-encoder-webm-vorbis: bf7c407c2cedff20999df2af8eb42d56 -> 
  custom:framework-win-MediaFoundation: 216162199b28c13a410421893ffa2e32 -> 
  custom:container-demuxer-ogg: 62fdf1f143b41e24485cea50d1cbac27 -> 
  custom:video-decoder-webm-vp8: 9c59270c3fd7afecdb556c50c9e8de78 -> 
  custom:audio-decoder-ogg-vorbis: bf7c407c2cedff20999df2af8eb42d56 -> 
========================================================================
Received Import Request.
  Time since last request: 158631.086567 seconds.
  path: ProjectSettings/TagManager.asset
  artifactKey: Guid(00000000000000003000000000000000) Importer(815301076,1909f56bfc062723c751e8b465ee728b)
Start importing ProjectSettings/TagManager.asset using Guid(00000000000000003000000000000000) Importer(815301076,1909f56bfc062723c751e8b465ee728b)  -> (artifact id: '8af8af9bf0d5066041c342dfc2033fd7') in 0.038571 seconds 
========================================================================
Received Import Request.
  Time since last request: 329.129359 seconds.
  path: Assets/Scenes
  artifactKey: Guid(618c9a78b5148264dbc93f67a2c5023a) Importer(815301076,1909f56bfc062723c751e8b465ee728b)
Start importing Assets/Scenes using Guid(618c9a78b5148264dbc93f67a2c5023a) Importer(815301076,1909f56bfc062723c751e8b465ee728b)  -> (artifact id: '9f1592b6ee735efac00a79f9e6129380') in 0.010759 seconds 
========================================================================
Received Import Request.
  Time since last request: 2.498360 seconds.
  path: Assets/Brackeys
  artifactKey: Guid(1beaff247354d0545b4d42b4772df337) Importer(815301076,1909f56bfc062723c751e8b465ee728b)
Start importing Assets/Brackeys using Guid(1beaff247354d0545b4d42b4772df337) Importer(815301076,1909f56bfc062723c751e8b465ee728b)  -> (artifact id: 'b154a486f5d907e9262064c558b05f2b') in 0.008502 seconds 
========================================================================
Received Import Request.
  Time since last request: 4.727758 seconds.
  path: Assets/AstarPathfindingProject/ExampleScenes/Example2_Terrain/Pathfinding_Terrain.asset
  artifactKey: Guid(ce970816794dc4a6c8b5acdbc5953551) Importer(815301076,1909f56bfc062723c751e8b465ee728b)
Start importing Assets/AstarPathfindingProject/ExampleScenes/Example2_Terrain/Pathfinding_Terrain.asset using Guid(ce970816794dc4a6c8b5acdbc5953551) Importer(815301076,1909f56bfc062723c751e8b465ee728b)  -> (artifact id: 'e9dba54ea700a05be4b1984c502b01e2') in 0.239778 seconds 
========================================================================
Received Import Request.
  Time since last request: 5.464122 seconds.
  path: Assets/AstarPathfindingProject/ExampleScenes/Example2_Terrain/Example2.unity
  artifactKey: Guid(b04e6b995408741cf8dc427c6173f5f8) Importer(815301076,1909f56bfc062723c751e8b465ee728b)
Start importing Assets/AstarPathfindingProject/ExampleScenes/Example2_Terrain/Example2.unity using Guid(b04e6b995408741cf8dc427c6173f5f8) Importer(815301076,1909f56bfc062723c751e8b465ee728b)  -> (artifact id: '6a14f8c485ce2622ed782ddc58abb79a') in 0.008657 seconds 
========================================================================
Received Import Request.
  Time since last request: 2.435477 seconds.
  path: Assets/AstarPathfindingProject/ExampleScenes/Example2_Terrain/dynamicObstacle.anim
  artifactKey: Guid(fca8a128acb4a4567ae3aacfdb0e4a13) Importer(815301076,1909f56bfc062723c751e8b465ee728b)
Start importing Assets/AstarPathfindingProject/ExampleScenes/Example2_Terrain/dynamicObstacle.anim using Guid(fca8a128acb4a4567ae3aacfdb0e4a13) Importer(815301076,1909f56bfc062723c751e8b465ee728b)  -> (artifact id: '8c5549e3c80e4700a7b0836c678f124d') in 0.005497 seconds 
========================================================================
Received Import Request.
  Time since last request: 4.041513 seconds.
  path: Assets/AstarPathfindingProject/ExampleScenes/Prefabs/DynamicObstacle.prefab
  artifactKey: Guid(4267c4f7628024c018e8bd0acd298526) Importer(815301076,1909f56bfc062723c751e8b465ee728b)
Start importing Assets/AstarPathfindingProject/ExampleScenes/Prefabs/DynamicObstacle.prefab using Guid(4267c4f7628024c018e8bd0acd298526) Importer(815301076,1909f56bfc062723c751e8b465ee728b)  -> (artifact id: '4c27bb341c51369e1d8b4b5d72974e36') in 0.076484 seconds 
========================================================================
Received Import Request.
  Time since last request: 0.000022 seconds.
  path: Assets/AstarPathfindingProject/ExampleScenes/Prefabs/SomeBox.prefab
  artifactKey: Guid(b1a1bb6d1bcc546df826488cc72438c3) Importer(815301076,1909f56bfc062723c751e8b465ee728b)
Start importing Assets/AstarPathfindingProject/ExampleScenes/Prefabs/SomeBox.prefab using Guid(b1a1bb6d1bcc546df826488cc72438c3) Importer(815301076,1909f56bfc062723c751e8b465ee728b)  -> (artifact id: '9b6b0a566cef1e6a83b6337a9de94671') in 0.031994 seconds 
========================================================================
Received Import Request.
  Time since last request: 0.000112 seconds.
  path: Assets/AstarPathfindingProject/ExampleScenes/Prefabs/TargetReachedEffect.prefab
  artifactKey: Guid(441e67a4721e749f0bca9581956f2729) Importer(815301076,1909f56bfc062723c751e8b465ee728b)
Start importing Assets/AstarPathfindingProject/ExampleScenes/Prefabs/TargetReachedEffect.prefab using Guid(441e67a4721e749f0bca9581956f2729) Importer(815301076,1909f56bfc062723c751e8b465ee728b)  -> (artifact id: '8282539c16d2e6356ba8c81111efeaf9') in 0.014939 seconds 
========================================================================
Received Import Request.
  Time since last request: 195.789902 seconds.
  path: Assets/Prefabs/A_.prefab
  artifactKey: Guid(f5e07c7dbfb41d140b443c1111e05cde) Importer(815301076,1909f56bfc062723c751e8b465ee728b)
Start importing Assets/Prefabs/A_.prefab using Guid(f5e07c7dbfb41d140b443c1111e05cde) Importer(815301076,1909f56bfc062723c751e8b465ee728b)  -> (artifact id: 'acf04f909eb5ca9b2599cbea824d918d') in 0.020413 seconds 
========================================================================
Received Import Request.
  Time since last request: 0.000052 seconds.
  path: Assets/AstarPathfindingProject/ExampleScenes/Example12_Procedural/ProceduralPrefab3.prefab
  artifactKey: Guid(18cb121974c6b4be387c66d4e1ce5bf8) Importer(815301076,1909f56bfc062723c751e8b465ee728b)
Start importing Assets/AstarPathfindingProject/ExampleScenes/Example12_Procedural/ProceduralPrefab3.prefab using Guid(18cb121974c6b4be387c66d4e1ce5bf8) Importer(815301076,1909f56bfc062723c751e8b465ee728b)  -> (artifact id: '0ccd666dc558fabdf667e32bf4e2cacb') in 0.017947 seconds 
========================================================================
Received Import Request.
  Time since last request: 0.000030 seconds.
  path: Packages/com.unity.2d.spriteshape/Editor/ObjectMenuCreation/DefaultAssets/Sprite Shapes/Open Sprite Shape.prefab
  artifactKey: Guid(86ae7de409eb54f619fb1328e4d42480) Importer(815301076,1909f56bfc062723c751e8b465ee728b)
Start importing Packages/com.unity.2d.spriteshape/Editor/ObjectMenuCreation/DefaultAssets/Sprite Shapes/Open Sprite Shape.prefab using Guid(86ae7de409eb54f619fb1328e4d42480) Importer(815301076,1909f56bfc062723c751e8b465ee728b)  -> (artifact id: '7bbd9347cbf05e42425dbba6eb6b3ae4') in 0.040987 seconds 
========================================================================
Received Import Request.
  Time since last request: 0.000062 seconds.
  path: Assets/AstarPathfindingProject/ExampleScenes/Example12_Procedural/ProceduralPrefab2.prefab
  artifactKey: Guid(1c63e47cea3074ee89305fd4cefa91e8) Importer(815301076,1909f56bfc062723c751e8b465ee728b)
Start importing Assets/AstarPathfindingProject/ExampleScenes/Example12_Procedural/ProceduralPrefab2.prefab using Guid(1c63e47cea3074ee89305fd4cefa91e8) Importer(815301076,1909f56bfc062723c751e8b465ee728b)  -> (artifact id: '64fc4c3724644afa2014b4fbf753670c') in 0.013725 seconds 
========================================================================
Received Import Request.
  Time since last request: 0.000036 seconds.
  path: Assets/AstarPathfindingProject/ExampleScenes/Example12_Procedural/ProceduralPrefab1.prefab
  artifactKey: Guid(b11992e5e8afb4e63a1ccab9daf6f07c) Importer(815301076,1909f56bfc062723c751e8b465ee728b)
Start importing Assets/AstarPathfindingProject/ExampleScenes/Example12_Procedural/ProceduralPrefab1.prefab using Guid(b11992e5e8afb4e63a1ccab9daf6f07c) Importer(815301076,1909f56bfc062723c751e8b465ee728b)  -> (artifact id: '53f4d09a9a18149fe51c21169653119f') in 0.025301 seconds 
========================================================================
Received Import Request.
  Time since last request: 0.000021 seconds.
  path: Packages/com.unity.2d.spriteshape/Editor/ObjectMenuCreation/DefaultAssets/Sprite Shapes/Closed Sprite Shape.prefab
  artifactKey: Guid(c0583b4e855c74b8c82e7b9b5efb5ce9) Importer(815301076,1909f56bfc062723c751e8b465ee728b)
Start importing Packages/com.unity.2d.spriteshape/Editor/ObjectMenuCreation/DefaultAssets/Sprite Shapes/Closed Sprite Shape.prefab using Guid(c0583b4e855c74b8c82e7b9b5efb5ce9) Importer(815301076,1909f56bfc062723c751e8b465ee728b)  -> (artifact id: '06fb62d019196bb99be72d8ebbfa2948') in 0.029765 seconds 
========================================================================
Received Import Request.
  Time since last request: 0.000019 seconds.
  path: Assets/AstarPathfindingProject/ExampleScenes/Example12_Procedural/ProceduralGround.prefab
  artifactKey: Guid(61432558c555740a38a88fa99d358883) Importer(815301076,1909f56bfc062723c751e8b465ee728b)
Start importing Assets/AstarPathfindingProject/ExampleScenes/Example12_Procedural/ProceduralGround.prefab using Guid(61432558c555740a38a88fa99d358883) Importer(815301076,1909f56bfc062723c751e8b465ee728b)  -> (artifact id: '28658813ea5d7d65fe77374da0e65186') in 0.017704 seconds 
========================================================================
Received Import Request.
  Time since last request: 0.000021 seconds.
  path: Assets/AstarPathfindingProject/ExampleScenes/Example12_Procedural/ProceduralPrefab4.prefab
  artifactKey: Guid(df2342a101fc54b44811414aaee023ba) Importer(815301076,1909f56bfc062723c751e8b465ee728b)
Start importing Assets/AstarPathfindingProject/ExampleScenes/Example12_Procedural/ProceduralPrefab4.prefab using Guid(df2342a101fc54b44811414aaee023ba) Importer(815301076,1909f56bfc062723c751e8b465ee728b)  -> (artifact id: '1f60cefb1f1a816b510ea1d7cf056c05') in 0.027420 seconds 
========================================================================
Received Import Request.
  Time since last request: 36.523420 seconds.
  path: Assets/AstarPathfindingProject/ExampleScenes/Example6_Navmesh/navmesh.obj
  artifactKey: Guid(6ac6694dd977643948f7ae7305e370ba) Importer(815301076,1909f56bfc062723c751e8b465ee728b)
Start importing Assets/AstarPathfindingProject/ExampleScenes/Example6_Navmesh/navmesh.obj using Guid(6ac6694dd977643948f7ae7305e370ba) Importer(815301076,1909f56bfc062723c751e8b465ee728b)  -> (artifact id: 'c5944627580059da19a6083ff66ab9e7') in 0.059015 seconds 
========================================================================
Received Import Request.
  Time since last request: 2.740079 seconds.
  path: Assets/AstarPathfindingProject/ExampleScenes/Materials/AI.mat
  artifactKey: Guid(db55ebdb9473a4a80a0037f64aafccce) Importer(815301076,1909f56bfc062723c751e8b465ee728b)
Start importing Assets/AstarPathfindingProject/ExampleScenes/Materials/AI.mat using Guid(db55ebdb9473a4a80a0037f64aafccce) Importer(815301076,1909f56bfc062723c751e8b465ee728b)  -> (artifact id: '3fe19be18319f70527f2ad299853e822') in 0.046791 seconds 
========================================================================
Received Import Request.
  Time since last request: 0.000030 seconds.
  path: Assets/AstarPathfindingProject/ExampleScenes/Prefabs/MineBot/Materials/mine_bot@forward-01 - Default.mat
  artifactKey: Guid(7c7ae9bbdf3d944e7877ee4243ac4801) Importer(815301076,1909f56bfc062723c751e8b465ee728b)
Start importing Assets/AstarPathfindingProject/ExampleScenes/Prefabs/MineBot/Materials/mine_bot@forward-01 - Default.mat using Guid(7c7ae9bbdf3d944e7877ee4243ac4801) Importer(815301076,1909f56bfc062723c751e8b465ee728b)  -> (artifact id: '7578596af812514e60fcf5b931e2aa81') in 0.021249 seconds 
========================================================================
Received Import Request.
  Time since last request: 0.000018 seconds.
  path: Assets/TextMesh Pro/Resources/Fonts & Materials/LiberationSans SDF - Outline.mat
  artifactKey: Guid(79459efec17a4d00a321bdcc27bbc385) Importer(815301076,1909f56bfc062723c751e8b465ee728b)
Start importing Assets/TextMesh Pro/Resources/Fonts & Materials/LiberationSans SDF - Outline.mat using Guid(79459efec17a4d00a321bdcc27bbc385) Importer(815301076,1909f56bfc062723c751e8b465ee728b)  -> (artifact id: '0706dc143792533a3c3bddef9871eea5') in 0.112130 seconds 
========================================================================
Received Import Request.
  Time since last request: 0.000028 seconds.
  path: Assets/AstarPathfindingProject/ExampleScenes/Example6_Navmesh/Materials/navmesh-navmesh_example6navmeshMat.mat
  artifactKey: Guid(1f2d61fa60ed54991a4e629fdb13e1f3) Importer(815301076,1909f56bfc062723c751e8b465ee728b)
Start importing Assets/AstarPathfindingProject/ExampleScenes/Example6_Navmesh/Materials/navmesh-navmesh_example6navmeshMat.mat using Guid(1f2d61fa60ed54991a4e629fdb13e1f3) Importer(815301076,1909f56bfc062723c751e8b465ee728b)  -> (artifact id: '18a4d0570b569c3b7138277a5c428fbe') in 0.017889 seconds 
========================================================================
Received Import Request.
  Time since last request: 0.000046 seconds.
  path: Assets/AstarPathfindingProject/ExampleScenes/Prefabs/MineBot/Materials/mine_bot@forward 1-01 - Default.mat
  artifactKey: Guid(8484bd09122784e76947d262ed126b1c) Importer(815301076,1909f56bfc062723c751e8b465ee728b)
Start importing Assets/AstarPathfindingProject/ExampleScenes/Prefabs/MineBot/Materials/mine_bot@forward 1-01 - Default.mat using Guid(8484bd09122784e76947d262ed126b1c) Importer(815301076,1909f56bfc062723c751e8b465ee728b)  -> (artifact id: '2beffbb23aac31a3dcea7e49ecb256d4') in 0.024255 seconds 
========================================================================
Received Import Request.
  Time since last request: 0.000029 seconds.
  path: Assets/AstarPathfindingProject/Editor/EditorAssets/Materials/Navmesh.mat
  artifactKey: Guid(5ce51318bbfb1466188b929a68a6bd3a) Importer(815301076,1909f56bfc062723c751e8b465ee728b)
Start importing Assets/AstarPathfindingProject/Editor/EditorAssets/Materials/Navmesh.mat using Guid(5ce51318bbfb1466188b929a68a6bd3a) Importer(815301076,1909f56bfc062723c751e8b465ee728b)  -> (artifact id: '67f334e04a881668123e2a90d09c5130') in 0.026676 seconds 
========================================================================
Received Import Request.
  Time since last request: 0.000035 seconds.
  path: Assets/AstarPathfindingProject/ExampleScenes/Materials/OrangeGround.mat
  artifactKey: Guid(20e84239fa93246fe8f7f753e8ee4ef2) Importer(815301076,1909f56bfc062723c751e8b465ee728b)
Start importing Assets/AstarPathfindingProject/ExampleScenes/Materials/OrangeGround.mat using Guid(20e84239fa93246fe8f7f753e8ee4ef2) Importer(815301076,1909f56bfc062723c751e8b465ee728b)  -> (artifact id: 'f91ba6177706d603cfc9e84234671322') in 0.021869 seconds 
========================================================================
Received Import Request.
  Time since last request: 0.000086 seconds.
  path: Assets/AstarPathfindingProject/ExampleScenes/Materials/Wall.mat
  artifactKey: Guid(cf1ecd0b49db547c4b565a629c69a256) Importer(815301076,1909f56bfc062723c751e8b465ee728b)
Start importing Assets/AstarPathfindingProject/ExampleScenes/Materials/Wall.mat using Guid(cf1ecd0b49db547c4b565a629c69a256) Importer(815301076,1909f56bfc062723c751e8b465ee728b)  -> (artifact id: 'c131e2739eb1137a5f2d5254694dddcf') in 0.019149 seconds 
========================================================================
Received Import Request.
  Time since last request: 0.000028 seconds.
  path: Assets/AstarPathfindingProject/ExampleScenes/Materials/PathBlueArea.mat
  artifactKey: Guid(6e0bae036cdbd42bfb17a675c07df5f9) Importer(815301076,1909f56bfc062723c751e8b465ee728b)
Start importing Assets/AstarPathfindingProject/ExampleScenes/Materials/PathBlueArea.mat using Guid(6e0bae036cdbd42bfb17a675c07df5f9) Importer(815301076,1909f56bfc062723c751e8b465ee728b)  -> (artifact id: 'a632a41b226fe46d2494da592c8763de') in 0.022727 seconds 
========================================================================
Received Import Request.
  Time since last request: 0.000063 seconds.
  path: Assets/AstarPathfindingProject/ExampleScenes/Materials/PathGreyCube.mat
  artifactKey: Guid(48e8130f8426d4539a2879304cc512fb) Importer(815301076,1909f56bfc062723c751e8b465ee728b)
Start importing Assets/AstarPathfindingProject/ExampleScenes/Materials/PathGreyCube.mat using Guid(48e8130f8426d4539a2879304cc512fb) Importer(815301076,1909f56bfc062723c751e8b465ee728b)  -> (artifact id: '0f186eaffd19cd9fd9cefc0ae9a75e2f') in 0.021428 seconds 
========================================================================
Received Import Request.
  Time since last request: 0.000026 seconds.
  path: Assets/AstarPathfindingProject/ExampleScenes/Materials/BlueBox.mat
  artifactKey: Guid(99dbb3f3abc3c4845a9b650ff678e7c1) Importer(815301076,1909f56bfc062723c751e8b465ee728b)
Start importing Assets/AstarPathfindingProject/ExampleScenes/Materials/BlueBox.mat using Guid(99dbb3f3abc3c4845a9b650ff678e7c1) Importer(815301076,1909f56bfc062723c751e8b465ee728b)  -> (artifact id: 'f25f381d5327bf52700c4b64e0e09937') in 0.018181 seconds 
========================================================================
Received Import Request.
  Time since last request: 0.000028 seconds.
  path: Assets/AstarPathfindingProject/ExampleScenes/Example5_PointGraph/blackText.mat
  artifactKey: Guid(87dee5d03323e4003a9785eface0284a) Importer(815301076,1909f56bfc062723c751e8b465ee728b)
Start importing Assets/AstarPathfindingProject/ExampleScenes/Example5_PointGraph/blackText.mat using Guid(87dee5d03323e4003a9785eface0284a) Importer(815301076,1909f56bfc062723c751e8b465ee728b)  -> (artifact id: '2f2c90d2a83a1f77b08c74e463076e4e') in 0.021702 seconds 
========================================================================
Received Import Request.
  Time since last request: 0.000034 seconds.
  path: Assets/AstarPathfindingProject/ExampleScenes/Prefabs/MineBot/Materials/mine_bot-01 - Default.mat
  artifactKey: Guid(1829738127541482a895692670703544) Importer(815301076,1909f56bfc062723c751e8b465ee728b)
Start importing Assets/AstarPathfindingProject/ExampleScenes/Prefabs/MineBot/Materials/mine_bot-01 - Default.mat using Guid(1829738127541482a895692670703544) Importer(815301076,1909f56bfc062723c751e8b465ee728b)  -> (artifact id: '6718694d5a59dced153af8dea8f43449') in 0.018665 seconds 
========================================================================
Received Import Request.
  Time since last request: 0.000030 seconds.
  path: Assets/AstarPathfindingProject/ExampleScenes/Prefabs/MineBot/Materials/mine_bot@back-01 - Default.mat
  artifactKey: Guid(0d2961682f01448ef8b2bf2cc390a419) Importer(815301076,1909f56bfc062723c751e8b465ee728b)
Start importing Assets/AstarPathfindingProject/ExampleScenes/Prefabs/MineBot/Materials/mine_bot@back-01 - Default.mat using Guid(0d2961682f01448ef8b2bf2cc390a419) Importer(815301076,1909f56bfc062723c751e8b465ee728b)  -> (artifact id: '90a9478adaa9c1b42ee93623b94fbc6d') in 0.025140 seconds 
========================================================================
Received Import Request.
  Time since last request: 0.000027 seconds.
  path: Assets/AstarPathfindingProject/ExampleScenes/Prefabs/MineBot/Materials/mine_bot@right-01 - Default.mat
  artifactKey: Guid(a0410f0ca50c248fbaad373ecfcf872b) Importer(815301076,1909f56bfc062723c751e8b465ee728b)
Start importing Assets/AstarPathfindingProject/ExampleScenes/Prefabs/MineBot/Materials/mine_bot@right-01 - Default.mat using Guid(a0410f0ca50c248fbaad373ecfcf872b) Importer(815301076,1909f56bfc062723c751e8b465ee728b)  -> (artifact id: '6b6a935540db5c08c3a66d6e693f2b89') in 0.021690 seconds 
========================================================================
Received Import Request.
  Time since last request: 0.000035 seconds.
  path: Assets/AstarPathfindingProject/ExampleScenes/Example12_Procedural/TopDownOverlay.mat
  artifactKey: Guid(d3d92ca2f0e9e4bfb9c0fbe69453486a) Importer(815301076,1909f56bfc062723c751e8b465ee728b)
Start importing Assets/AstarPathfindingProject/ExampleScenes/Example12_Procedural/TopDownOverlay.mat using Guid(d3d92ca2f0e9e4bfb9c0fbe69453486a) Importer(815301076,1909f56bfc062723c751e8b465ee728b)  -> (artifact id: '68bd37feb131563dbf239cf93831ff7f') in 0.161135 seconds 
========================================================================
Received Import Request.
  Time since last request: 0.000019 seconds.
  path: Assets/TextMesh Pro/Resources/Fonts & Materials/LiberationSans SDF - Fallback.asset
  artifactKey: Guid(2e498d1c8094910479dc3e1b768306a4) Importer(815301076,1909f56bfc062723c751e8b465ee728b)
Start importing Assets/TextMesh Pro/Resources/Fonts & Materials/LiberationSans SDF - Fallback.asset using Guid(2e498d1c8094910479dc3e1b768306a4) Importer(815301076,1909f56bfc062723c751e8b465ee728b)  -> (artifact id: 'b165b2fd94449fd5247aaa0909a42376') in 0.055706 seconds 
========================================================================
Received Import Request.
  Time since last request: 0.000059 seconds.
  path: Assets/TextMesh Pro/Resources/Fonts & Materials/LiberationSans SDF - Drop Shadow.mat
  artifactKey: Guid(e73a58f6e2794ae7b1b7e50b7fb811b0) Importer(815301076,1909f56bfc062723c751e8b465ee728b)
Start importing Assets/TextMesh Pro/Resources/Fonts & Materials/LiberationSans SDF - Drop Shadow.mat using Guid(e73a58f6e2794ae7b1b7e50b7fb811b0) Importer(815301076,1909f56bfc062723c751e8b465ee728b)  -> (artifact id: 'aa8801de4ed13c2fe8539077a445fe72') in 0.100226 seconds 
========================================================================
Received Import Request.
  Time since last request: 0.000070 seconds.
  path: Assets/AstarPathfindingProject/ExampleScenes/Materials/Ground.mat
  artifactKey: Guid(3219de2d574674beb889c87b844502b5) Importer(815301076,1909f56bfc062723c751e8b465ee728b)
Start importing Assets/AstarPathfindingProject/ExampleScenes/Materials/Ground.mat using Guid(3219de2d574674beb889c87b844502b5) Importer(815301076,1909f56bfc062723c751e8b465ee728b)  -> (artifact id: 'a5af3d7f7a5a6c7f45b79fc5e1f9a7f9') in 0.015263 seconds 
========================================================================
Received Import Request.
  Time since last request: 0.000029 seconds.
  path: Assets/AstarPathfindingProject/ExampleScenes/Prefabs/MineBot/Materials/mine_bot@awake-01 - Default.mat
  artifactKey: Guid(67af7822a09c145bea7714196d07f476) Importer(815301076,1909f56bfc062723c751e8b465ee728b)
Start importing Assets/AstarPathfindingProject/ExampleScenes/Prefabs/MineBot/Materials/mine_bot@awake-01 - Default.mat using Guid(67af7822a09c145bea7714196d07f476) Importer(815301076,1909f56bfc062723c751e8b465ee728b)  -> (artifact id: 'd7443a7ce58641b1abb14e25239ee988') in 0.024252 seconds 
========================================================================
Received Import Request.
  Time since last request: 0.000055 seconds.
  path: Assets/AstarPathfindingProject/ExampleScenes/Materials/GroundRTS.mat
  artifactKey: Guid(48404990b059d4ad881cae67992eb592) Importer(815301076,1909f56bfc062723c751e8b465ee728b)
Start importing Assets/AstarPathfindingProject/ExampleScenes/Materials/GroundRTS.mat using Guid(48404990b059d4ad881cae67992eb592) Importer(815301076,1909f56bfc062723c751e8b465ee728b)  -> (artifact id: 'efdcdf15cd678711c7642c00ab1263f3') in 0.026915 seconds 
========================================================================
Received Import Request.
  Time since last request: 0.000031 seconds.
  path: Assets/AstarPathfindingProject/ExampleScenes/Prefabs/MineBot/Materials/mine_bot@left-01 - Default.mat
  artifactKey: Guid(84be6514d56e743dd9b8f1a1fca98f50) Importer(815301076,1909f56bfc062723c751e8b465ee728b)
Start importing Assets/AstarPathfindingProject/ExampleScenes/Prefabs/MineBot/Materials/mine_bot@left-01 - Default.mat using Guid(84be6514d56e743dd9b8f1a1fca98f50) Importer(815301076,1909f56bfc062723c751e8b465ee728b)  -> (artifact id: '4fbc08d90a31defeca3bca90fb0a8cd6') in 0.038939 seconds 
========================================================================
Received Import Request.
  Time since last request: 0.000036 seconds.
  path: Assets/AstarPathfindingProject/Editor/EditorAssets/Materials/NavmeshOutline.mat
  artifactKey: Guid(91035448860ba4e708919485c73f7edc) Importer(815301076,1909f56bfc062723c751e8b465ee728b)
Start importing Assets/AstarPathfindingProject/Editor/EditorAssets/Materials/NavmeshOutline.mat using Guid(91035448860ba4e708919485c73f7edc) Importer(815301076,1909f56bfc062723c751e8b465ee728b)  -> (artifact id: '45f258909dd350ad46832572cd3ee108') in 0.030988 seconds 
========================================================================
Received Import Request.
  Time since last request: 0.000057 seconds.
  path: Assets/AstarPathfindingProject/ExampleScenes/Materials/BlueCheckerGround.mat
  artifactKey: Guid(8f4d5503fdeab441e8c6c041504cf535) Importer(815301076,1909f56bfc062723c751e8b465ee728b)
Start importing Assets/AstarPathfindingProject/ExampleScenes/Materials/BlueCheckerGround.mat using Guid(8f4d5503fdeab441e8c6c041504cf535) Importer(815301076,1909f56bfc062723c751e8b465ee728b)  -> (artifact id: 'b6928cf7366865a836c914b6fe7c4773') in 0.102097 seconds 
========================================================================
Received Import Request.
  Time since last request: 0.000023 seconds.
  path: Assets/TextMesh Pro/Resources/Fonts & Materials/LiberationSans SDF.asset
  artifactKey: Guid(8f586378b4e144a9851e7b34d9b748ee) Importer(815301076,1909f56bfc062723c751e8b465ee728b)
Start importing Assets/TextMesh Pro/Resources/Fonts & Materials/LiberationSans SDF.asset using Guid(8f586378b4e144a9851e7b34d9b748ee) Importer(815301076,1909f56bfc062723c751e8b465ee728b)  -> (artifact id: '1836c1ed0b932594ebbf04676167cbf2') in 0.064580 seconds 
========================================================================
Received Import Request.
  Time since last request: 0.000062 seconds.
  path: Assets/AstarPathfindingProject/ExampleScenes/Example5_PointGraph/ListCubes.mat
  artifactKey: Guid(9c0721c9b4f3c4cb894656485acb9228) Importer(815301076,1909f56bfc062723c751e8b465ee728b)
Start importing Assets/AstarPathfindingProject/ExampleScenes/Example5_PointGraph/ListCubes.mat using Guid(9c0721c9b4f3c4cb894656485acb9228) Importer(815301076,1909f56bfc062723c751e8b465ee728b)  -> (artifact id: 'e0720f8bc43a89ac3f9c38495eb3bf7d') in 0.086989 seconds 
========================================================================
Received Import Request.
  Time since last request: 0.000021 seconds.
  path: Assets/AstarPathfindingProject/ExampleScenes/Prefabs/MineBot/Materials/mine_bot-minebot.mat
  artifactKey: Guid(0f239eb41e29343e28970d1c5e9adede) Importer(815301076,1909f56bfc062723c751e8b465ee728b)
Start importing Assets/AstarPathfindingProject/ExampleScenes/Prefabs/MineBot/Materials/mine_bot-minebot.mat using Guid(0f239eb41e29343e28970d1c5e9adede) Importer(815301076,1909f56bfc062723c751e8b465ee728b)  -> (artifact id: '5ebe7e8245ccc64418bbdd8d1fbee92c') in 0.197578 seconds 
========================================================================
Received Import Request.
  Time since last request: 0.000024 seconds.
  path: Assets/AstarPathfindingProject/ExampleScenes/Materials/SomeBox.mat
  artifactKey: Guid(86ebf3c4b42174d2a9d3c1dfd2476f32) Importer(815301076,1909f56bfc062723c751e8b465ee728b)
Start importing Assets/AstarPathfindingProject/ExampleScenes/Materials/SomeBox.mat using Guid(86ebf3c4b42174d2a9d3c1dfd2476f32) Importer(815301076,1909f56bfc062723c751e8b465ee728b)  -> (artifact id: '56c46225bf8efdaa7e0de67e31382fb4') in 0.022362 seconds 
========================================================================
Received Import Request.
  Time since last request: 0.000022 seconds.
  path: Assets/AstarPathfindingProject/ExampleScenes/Materials/PathRedArea.mat
  artifactKey: Guid(deda211578c2d47f69bee1211faed775) Importer(815301076,1909f56bfc062723c751e8b465ee728b)
Start importing Assets/AstarPathfindingProject/ExampleScenes/Materials/PathRedArea.mat using Guid(deda211578c2d47f69bee1211faed775) Importer(815301076,1909f56bfc062723c751e8b465ee728b)  -> (artifact id: 'd0bbbbadaab4f5d9bfc9b5f4f2ae84c3') in 0.023746 seconds 
========================================================================
Received Import Request.
  Time since last request: 0.000023 seconds.
  path: Assets/AstarPathfindingProject/ExampleScenes/Example5_PointGraph/ex5Ground.mat
  artifactKey: Guid(46e0ecefe2ba442a5825f21e42530872) Importer(815301076,1909f56bfc062723c751e8b465ee728b)
Start importing Assets/AstarPathfindingProject/ExampleScenes/Example5_PointGraph/ex5Ground.mat using Guid(46e0ecefe2ba442a5825f21e42530872) Importer(815301076,1909f56bfc062723c751e8b465ee728b)  -> (artifact id: '2e59e19761af3a9d577ab495154a327b') in 0.053777 seconds 
========================================================================
Received Import Request.
  Time since last request: 0.000081 seconds.
  path: Assets/AstarPathfindingProject/ExampleScenes/Materials/BlueGround.mat
  artifactKey: Guid(b71b71b0a1f9a48768a27ca6eefcfbdf) Importer(815301076,1909f56bfc062723c751e8b465ee728b)
Start importing Assets/AstarPathfindingProject/ExampleScenes/Materials/BlueGround.mat using Guid(b71b71b0a1f9a48768a27ca6eefcfbdf) Importer(815301076,1909f56bfc062723c751e8b465ee728b)  -> (artifact id: '27018b9d1c4aa063b90bbd6e18ddb21e') in 0.017393 seconds 
========================================================================
Received Import Request.
  Time since last request: 0.000033 seconds.
  path: Assets/AstarPathfindingProject/ExampleScenes/Materials/Door.mat
  artifactKey: Guid(863174fbef875425ca78e4c949f12318) Importer(815301076,1909f56bfc062723c751e8b465ee728b)
Start importing Assets/AstarPathfindingProject/ExampleScenes/Materials/Door.mat using Guid(863174fbef875425ca78e4c949f12318) Importer(815301076,1909f56bfc062723c751e8b465ee728b)  -> (artifact id: '18d0621c030f546cff9f722b0a9f29cc') in 0.025385 seconds 
========================================================================
Received Import Request.
  Time since last request: 72.435533 seconds.
  path: Assets/clay monster.gif
  artifactKey: Guid(5e3d5dfd487f5c244ad3a194763d3294) Importer(815301076,1909f56bfc062723c751e8b465ee728b)
Start importing Assets/clay monster.gif using Guid(5e3d5dfd487f5c244ad3a194763d3294) Importer(815301076,1909f56bfc062723c751e8b465ee728b)  -> (artifact id: '82592aa307402b49f5358d47665c7631') in 0.062547 seconds 
========================================================================
Received Prepare
Registering precompiled user dll's ...
Registered in 0.049640 seconds.
Begin MonoManager ReloadAssembly
Native extension for WindowsStandalone target not found
Native extension for WebGL target not found
Refreshing native plugins compatible for Editor in 0.94 ms, found 3 plugins.
Preloading 0 native plugins for Editor in 0.00 ms.
Mono: successfully reloaded assembly
- Completed reload, in  6.467 seconds
Domain Reload Profiling:
	ReloadAssembly (6470ms)
		BeginReloadAssembly (2781ms)
			ExecutionOrderSort (0ms)
			DisableScriptedObjects (105ms)
			BackupInstance (0ms)
			ReleaseScriptingObjects (0ms)
			CreateAndSetChildDomain (1194ms)
		EndReloadAssembly (2289ms)
			LoadAssemblies (1163ms)
			RebuildTransferFunctionScriptingTraits (0ms)
			SetupTypeCache (1279ms)
			ReleaseScriptCaches (1ms)
			RebuildScriptCaches (77ms)
			SetupLoadedEditorAssemblies (647ms)
				LogAssemblyErrors (0ms)
				InitializePlatformSupportModulesInManaged (26ms)
				SetLoadedEditorAssemblies (1ms)
				RefreshPlugins (1ms)
				BeforeProcessingInitializeOnLoad (139ms)
				ProcessInitializeOnLoadAttributes (415ms)
				ProcessInitializeOnLoadMethodAttributes (56ms)
				AfterProcessingInitializeOnLoad (9ms)
				EditorAssembliesLoaded (0ms)
			ExecutionOrderSort2 (0ms)
			AwakeInstancesAfterBackupRestoration (10ms)
Platform modules already initialized, skipping
Refreshing native plugins compatible for Editor in 4.57 ms, found 3 plugins.
Preloading 0 native plugins for Editor in 0.00 ms.
Unloading 2587 Unused Serialized files (Serialized files now loaded: 0)
Unloading 24 unused Assets / (0.5 MB). Loaded Objects now: 3141.
Memory consumption went from 121.6 MB to 121.1 MB.
Total: 3.691200 ms (FindLiveObjects: 0.305400 ms CreateObjectMapping: 0.249800 ms MarkObjects: 2.833700 ms  DeleteObjects: 0.300400 ms)

AssetImportParameters requested are different than current active one (requested -> active):
  custom:video-decoder-ogg-theora: a1e56fd34408186e4bbccfd4996cb3dc -> 
  custom:container-muxer-webm: aa71ff27fc2769a1b78a27578f13a17b -> 
  custom:container-demuxer-webm: 4f35f7cbe854078d1ac9338744f61a02 -> 
  custom:video-encoder-webm-vp8: eb34c28f22e8b96e1ab97ce403110664 -> 
  custom:video-codec-MediaFoundation-h265: 746d11721c4dcdbdad8f713fa42b33f4 -> 
  custom:audio-encoder-webm-vorbis: bf7c407c2cedff20999df2af8eb42d56 -> 
  custom:framework-win-MediaFoundation: 216162199b28c13a410421893ffa2e32 -> 
  custom:container-demuxer-ogg: 62fdf1f143b41e24485cea50d1cbac27 -> 
  custom:video-decoder-webm-vp8: 9c59270c3fd7afecdb556c50c9e8de78 -> 
  custom:audio-decoder-ogg-vorbis: bf7c407c2cedff20999df2af8eb42d56 -> 
========================================================================
Received Import Request.
  Time since last request: 1611.290604 seconds.
  path: Assets/Animations/Left.anim
  artifactKey: Guid(2528e1930e6a0bb4aa8ae8cb2668229c) Importer(815301076,1909f56bfc062723c751e8b465ee728b)
Start importing Assets/Animations/Left.anim using Guid(2528e1930e6a0bb4aa8ae8cb2668229c) Importer(815301076,1909f56bfc062723c751e8b465ee728b)  -> (artifact id: '5de3d28403c458db43c9423cbe12865d') in 0.964502 seconds 
========================================================================
Received Import Request.
  Time since last request: 10.460342 seconds.
  path: Assets/2d characters family/Sprites/Bertha.gif
  artifactKey: Guid(5f91d5b2c8318fd49addad5d6f4cb6fc) Importer(815301076,1909f56bfc062723c751e8b465ee728b)
Start importing Assets/2d characters family/Sprites/Bertha.gif using Guid(5f91d5b2c8318fd49addad5d6f4cb6fc) Importer(815301076,1909f56bfc062723c751e8b465ee728b)  -> (artifact id: '2118116128816318a47addf092d76361') in 0.600787 seconds 
========================================================================
Received Import Request.
  Time since last request: 115.931245 seconds.
  path: Assets/2d characters family/Sprites/frame_0_delay-0.1s.gif
  artifactKey: Guid(dad69bbd0e7e5894eaf3480491f05576) Importer(815301076,1909f56bfc062723c751e8b465ee728b)
Start importing Assets/2d characters family/Sprites/frame_0_delay-0.1s.gif using Guid(dad69bbd0e7e5894eaf3480491f05576) Importer(815301076,1909f56bfc062723c751e8b465ee728b)  -> (artifact id: '785a94cfab05f7475716b42c8b0508ec') in 0.123413 seconds 
========================================================================
Received Import Request.
  Time since last request: 0.000041 seconds.
  path: Assets/2d characters family/Sprites/frame_2_delay-0.1s.gif
  artifactKey: Guid(563b626386d976446ab938a97059d2e6) Importer(815301076,1909f56bfc062723c751e8b465ee728b)
Start importing Assets/2d characters family/Sprites/frame_2_delay-0.1s.gif using Guid(563b626386d976446ab938a97059d2e6) Importer(815301076,1909f56bfc062723c751e8b465ee728b)  -> (artifact id: '1ebdb82f4c54c0f0b1875ae9f4e028a3') in 0.084856 seconds 
========================================================================
Received Import Request.
  Time since last request: 0.000041 seconds.
  path: Assets/2d characters family/Sprites/frame_3_delay-0.1s.gif
  artifactKey: Guid(9e3b27a7a60434447ab442117be72c51) Importer(815301076,1909f56bfc062723c751e8b465ee728b)
Start importing Assets/2d characters family/Sprites/frame_3_delay-0.1s.gif using Guid(9e3b27a7a60434447ab442117be72c51) Importer(815301076,1909f56bfc062723c751e8b465ee728b)  -> (artifact id: '5e00c96933cd30a23a5b5352d0ab3c0d') in 0.063408 seconds 
========================================================================
Received Import Request.
  Time since last request: 0.000043 seconds.
  path: Assets/2d characters family/Sprites/frame_1_delay-0.1s.gif
  artifactKey: Guid(dc6c8c82aab971246aee10e44fd7af77) Importer(815301076,1909f56bfc062723c751e8b465ee728b)
Start importing Assets/2d characters family/Sprites/frame_1_delay-0.1s.gif using Guid(dc6c8c82aab971246aee10e44fd7af77) Importer(815301076,1909f56bfc062723c751e8b465ee728b)  -> (artifact id: 'e20a5bd757eee6bd17975d70191021f2') in 0.073625 seconds 
========================================================================
Received Import Request.
  Time since last request: 57.694216 seconds.
  path: Assets/2d characters family/Animation/bertha stand1.anim
  artifactKey: Guid(40a62c077c60b794293130a4a92acd9c) Importer(815301076,1909f56bfc062723c751e8b465ee728b)
Start importing Assets/2d characters family/Animation/bertha stand1.anim using Guid(40a62c077c60b794293130a4a92acd9c) Importer(815301076,1909f56bfc062723c751e8b465ee728b)  -> (artifact id: '2e291ce19c6469aa1ef1b39bd63b108f') in 0.005612 seconds 
========================================================================
Received Import Request.
  Time since last request: 303.451372 seconds.
  path: Assets/MainMenu.unity
  artifactKey: Guid(43574017a3deac1438219ee82a7a2265) Importer(815301076,1909f56bfc062723c751e8b465ee728b)
Start importing Assets/MainMenu.unity using Guid(43574017a3deac1438219ee82a7a2265) Importer(815301076,1909f56bfc062723c751e8b465ee728b)  -> (artifact id: 'a1fe6db84b02aa45e890a627cd76cc52') in 0.004722 seconds 
========================================================================
Received Import Request.
  Time since last request: 1162.071271 seconds.
  path: Assets/R.png
  artifactKey: Guid(bfd351d2c8402ff408f0ccfb4c6c7653) Importer(815301076,1909f56bfc062723c751e8b465ee728b)
Start importing Assets/R.png using Guid(bfd351d2c8402ff408f0ccfb4c6c7653) Importer(815301076,1909f56bfc062723c751e8b465ee728b)  -> (artifact id: 'daf8254983428ea16bc9e71f30e4ca89') in 0.200589 seconds 
========================================================================
Received Import Request.
  Time since last request: 7.110486 seconds.
  path: Assets/Brackeys/2D Mega Pack/UI/Cursors/YellowCursor.png
  artifactKey: Guid(f6c447868c4916746aba134404e3b985) Importer(815301076,1909f56bfc062723c751e8b465ee728b)
Start importing Assets/Brackeys/2D Mega Pack/UI/Cursors/YellowCursor.png using Guid(f6c447868c4916746aba134404e3b985) Importer(815301076,1909f56bfc062723c751e8b465ee728b)  -> (artifact id: '9e558c4ad23bdbbe9144037faf2a35aa') in 0.079401 seconds 
========================================================================
Received Import Request.
  Time since last request: 1.567543 seconds.
  path: Assets/Brackeys/2D Mega Pack/Items & Icons/Grungy/WoodCrate.png
  artifactKey: Guid(082f7453675a9e3468a060e0b75fafc7) Importer(815301076,1909f56bfc062723c751e8b465ee728b)
Start importing Assets/Brackeys/2D Mega Pack/Items & Icons/Grungy/WoodCrate.png using Guid(082f7453675a9e3468a060e0b75fafc7) Importer(815301076,1909f56bfc062723c751e8b465ee728b)  -> (artifact id: 'fb524b60d92af7ba574a121845f42685') in 0.041526 seconds 
========================================================================
Received Import Request.
  Time since last request: 0.861160 seconds.
  path: Assets/Brackeys/2D Mega Pack/Items & Icons/Minimalistic/Wall.png
  artifactKey: Guid(3363b1041f3eea04699cb58b11d2f208) Importer(815301076,1909f56bfc062723c751e8b465ee728b)
Start importing Assets/Brackeys/2D Mega Pack/Items & Icons/Minimalistic/Wall.png using Guid(3363b1041f3eea04699cb58b11d2f208) Importer(815301076,1909f56bfc062723c751e8b465ee728b)  -> (artifact id: 'bf027a84f1ff2adb6c3ad4df5a0e741b') in 0.034664 seconds 
========================================================================
Received Import Request.
  Time since last request: 89.119817 seconds.
  path: Assets/OIP.jpg
  artifactKey: Guid(8273657f86d630c478687763aa52450f) Importer(815301076,1909f56bfc062723c751e8b465ee728b)
Start importing Assets/OIP.jpg using Guid(8273657f86d630c478687763aa52450f) Importer(815301076,1909f56bfc062723c751e8b465ee728b)  -> (artifact id: '2e0a4e3691ed1fa614ed2db644cc366d') in 0.142962 seconds 
========================================================================
Received Import Request.
  Time since last request: 540.576682 seconds.
  path: Assets/cel game.unity
  artifactKey: Guid(d39a4540884a3b244b952ef4aa35dd48) Importer(815301076,1909f56bfc062723c751e8b465ee728b)
Start importing Assets/cel game.unity using Guid(d39a4540884a3b244b952ef4aa35dd48) Importer(815301076,1909f56bfc062723c751e8b465ee728b)  -> (artifact id: '4a0c3c1a757744bebee0422d81e551de') in 0.010991 seconds 
========================================================================
Received Import Request.
  Time since last request: 247.867397 seconds.
  path: Assets/Environment/Dungeon.prefab
  artifactKey: Guid(67406bc037caca74a83b9d4577740ea4) Importer(815301076,1909f56bfc062723c751e8b465ee728b)
Start importing Assets/Environment/Dungeon.prefab using Guid(67406bc037caca74a83b9d4577740ea4) Importer(815301076,1909f56bfc062723c751e8b465ee728b)  -> (artifact id: 'b2feb1648ca3e9157465441764f5938c') in 1.003842 seconds 
========================================================================
Received Import Request.
  Time since last request: 497.767150 seconds.
  path: Assets/TextMesh Pro/Resources/Fonts & Materials/LiberationSans SDF - Fallback.asset
  artifactKey: Guid(2e498d1c8094910479dc3e1b768306a4) Importer(815301076,1909f56bfc062723c751e8b465ee728b)
Start importing Assets/TextMesh Pro/Resources/Fonts & Materials/LiberationSans SDF - Fallback.asset using Guid(2e498d1c8094910479dc3e1b768306a4) Importer(815301076,1909f56bfc062723c751e8b465ee728b)  -> (artifact id: '9240eaa1bd2851c20ff70d84b76c3d23') in 0.380986 seconds 
========================================================================
Received Import Request.
  Time since last request: 9.718804 seconds.
  path: Assets/AstarPathfindingProject/ExampleScenes/Example5_PointGraph/ground.psd
  artifactKey: Guid(b0749c40ee03a46eaa0401867a08b963) Importer(815301076,1909f56bfc062723c751e8b465ee728b)
Start importing Assets/AstarPathfindingProject/ExampleScenes/Example5_PointGraph/ground.psd using Guid(b0749c40ee03a46eaa0401867a08b963) Importer(815301076,1909f56bfc062723c751e8b465ee728b)  -> (artifact id: '7070f33ba9bb4b187a14541633527be4') in 0.071410 seconds 
========================================================================
Received Import Request.
  Time since last request: 1168.683346 seconds.
  path: Assets/MainMenu.unity
  artifactKey: Guid(43574017a3deac1438219ee82a7a2265) Importer(815301076,1909f56bfc062723c751e8b465ee728b)
Start importing Assets/MainMenu.unity using Guid(43574017a3deac1438219ee82a7a2265) Importer(815301076,1909f56bfc062723c751e8b465ee728b)  -> (artifact id: '0a15f052e2587cd849cd4d53ad187c55') in 0.023502 seconds 
========================================================================
Received Import Request.
  Time since last request: 28.481910 seconds.
  path: Assets/cel game.unity
  artifactKey: Guid(d39a4540884a3b244b952ef4aa35dd48) Importer(815301076,1909f56bfc062723c751e8b465ee728b)
Start importing Assets/cel game.unity using Guid(d39a4540884a3b244b952ef4aa35dd48) Importer(815301076,1909f56bfc062723c751e8b465ee728b)  -> (artifact id: 'eb5e64fe6f91338891a7bfec81c524f2') in 0.007736 seconds 
========================================================================
Received Import Request.
  Time since last request: 313.971236 seconds.
  path: Assets/Prefabs/New Palette.prefab
  artifactKey: Guid(4c64eb2e237dec541952d784e4bca7ed) Importer(815301076,1909f56bfc062723c751e8b465ee728b)
Start importing Assets/Prefabs/New Palette.prefab using Guid(4c64eb2e237dec541952d784e4bca7ed) Importer(815301076,1909f56bfc062723c751e8b465ee728b)  -> (artifact id: '23af0f0f6e6baa9f23966adb4a39358b') in 0.072911 seconds 
========================================================================
Received Import Request.
  Time since last request: 125.030174 seconds.
  path: Assets/Prefabs/New Palette.prefab
  artifactKey: Guid(4c64eb2e237dec541952d784e4bca7ed) Importer(815301076,1909f56bfc062723c751e8b465ee728b)
Start importing Assets/Prefabs/New Palette.prefab using Guid(4c64eb2e237dec541952d784e4bca7ed) Importer(815301076,1909f56bfc062723c751e8b465ee728b)  -> (artifact id: '33cc5609a89ac4153c347a27e87dc95f') in 0.219164 seconds 
========================================================================
Received Import Request.
  Time since last request: 29.594450 seconds.
  path: Assets/Environment/Square 1.png
  artifactKey: Guid(f713d957fa97545438d0f8af862b5044) Importer(815301076,1909f56bfc062723c751e8b465ee728b)
Start importing Assets/Environment/Square 1.png using Guid(f713d957fa97545438d0f8af862b5044) Importer(815301076,1909f56bfc062723c751e8b465ee728b)  -> (artifact id: '180e9807c8818a78aadf49889b2ecfa4') in 0.441565 seconds 
========================================================================
Received Import Request.
  Time since last request: 31.653082 seconds.
  path: Assets/Environment/Rectangular Palette.prefab
  artifactKey: Guid(8786fa5e2163d9546af43cdbd7145b67) Importer(815301076,1909f56bfc062723c751e8b465ee728b)
Start importing Assets/Environment/Rectangular Palette.prefab using Guid(8786fa5e2163d9546af43cdbd7145b67) Importer(815301076,1909f56bfc062723c751e8b465ee728b)  -> (artifact id: '68afdd6be98a1070a965b74ce5fdf696') in 0.179595 seconds 
========================================================================
Received Import Request.
  Time since last request: 6.467007 seconds.
  path: Assets/Environment/Background 1.asset
  artifactKey: Guid(5db4d6063a717ec4bb0e5a0caec8c210) Importer(815301076,1909f56bfc062723c751e8b465ee728b)
Start importing Assets/Environment/Background 1.asset using Guid(5db4d6063a717ec4bb0e5a0caec8c210) Importer(815301076,1909f56bfc062723c751e8b465ee728b)  -> (artifact id: 'bfaf1d22b363181406a9a12130febd9f') in 1.868828 seconds 
========================================================================
Received Import Request.
  Time since last request: 17.793694 seconds.
  path: Assets/Environment/Dungeon.prefab
  artifactKey: Guid(67406bc037caca74a83b9d4577740ea4) Importer(815301076,1909f56bfc062723c751e8b465ee728b)
Start importing Assets/Environment/Dungeon.prefab using Guid(67406bc037caca74a83b9d4577740ea4) Importer(815301076,1909f56bfc062723c751e8b465ee728b)  -> (artifact id: 'db2632a4798871497d10381072863bb3') in 0.143183 seconds 
========================================================================
Received Import Request.
  Time since last request: 33.062145 seconds.
  path: Assets/Environment/Dungeon.prefab
  artifactKey: Guid(67406bc037caca74a83b9d4577740ea4) Importer(815301076,1909f56bfc062723c751e8b465ee728b)
Start importing Assets/Environment/Dungeon.prefab using Guid(67406bc037caca74a83b9d4577740ea4) Importer(815301076,1909f56bfc062723c751e8b465ee728b)  -> (artifact id: '75750daf9757be00bb11e3fee7307b28') in 0.090604 seconds 
========================================================================
Received Import Request.
  Time since last request: 28.009586 seconds.
  path: Assets/Environment/Dungeon.prefab
  artifactKey: Guid(67406bc037caca74a83b9d4577740ea4) Importer(815301076,1909f56bfc062723c751e8b465ee728b)
Start importing Assets/Environment/Dungeon.prefab using Guid(67406bc037caca74a83b9d4577740ea4) Importer(815301076,1909f56bfc062723c751e8b465ee728b)  -> (artifact id: 'e9af1964a82fbd8035ce3ea149a1167d') in 0.116105 seconds 
========================================================================
Received Import Request.
  Time since last request: 268.337297 seconds.
  path: Assets/Environment/Background 1.asset
  artifactKey: Guid(5db4d6063a717ec4bb0e5a0caec8c210) Importer(815301076,1909f56bfc062723c751e8b465ee728b)
Start importing Assets/Environment/Background 1.asset using Guid(5db4d6063a717ec4bb0e5a0caec8c210) Importer(815301076,1909f56bfc062723c751e8b465ee728b)  -> (artifact id: 'dfe935c4f12982705bd25018f3442041') in 0.064865 seconds 
========================================================================
Received Import Request.
  Time since last request: 0.000420 seconds.
  path: Assets/Environment/Wall 1.asset
  artifactKey: Guid(d92731b954d31f6488701e7c848e627a) Importer(815301076,1909f56bfc062723c751e8b465ee728b)
Start importing Assets/Environment/Wall 1.asset using Guid(d92731b954d31f6488701e7c848e627a) Importer(815301076,1909f56bfc062723c751e8b465ee728b)  -> (artifact id: 'e9d516ec8be238bdcd7de0edf085e1c4') in 0.116039 seconds 
========================================================================
Received Import Request.
  Time since last request: 0.000179 seconds.
  path: Assets/Environment/Dungeon.prefab
  artifactKey: Guid(67406bc037caca74a83b9d4577740ea4) Importer(815301076,1909f56bfc062723c751e8b465ee728b)
Start importing Assets/Environment/Dungeon.prefab using Guid(67406bc037caca74a83b9d4577740ea4) Importer(815301076,1909f56bfc062723c751e8b465ee728b)  -> (artifact id: '40b19d7b767ebca439687fdf0292f588') in 0.618702 seconds 
========================================================================
Received Import Request.
  Time since last request: 36.270281 seconds.
  path: Assets/Environment/Dungeon.prefab
  artifactKey: Guid(67406bc037caca74a83b9d4577740ea4) Importer(815301076,1909f56bfc062723c751e8b465ee728b)
Start importing Assets/Environment/Dungeon.prefab using Guid(67406bc037caca74a83b9d4577740ea4) Importer(815301076,1909f56bfc062723c751e8b465ee728b)  -> (artifact id: 'cb3a2b04da8b6e08c63abbb320a66aec') in 0.107974 seconds 
========================================================================
Received Import Request.
  Time since last request: 15.067168 seconds.
  path: Assets/Environment/Square.asset
  artifactKey: Guid(7199765235a0757438235153841333ae) Importer(815301076,1909f56bfc062723c751e8b465ee728b)
Start importing Assets/Environment/Square.asset using Guid(7199765235a0757438235153841333ae) Importer(815301076,1909f56bfc062723c751e8b465ee728b)  -> (artifact id: '60d63eeeb39440977060189bfef3609c') in 0.048275 seconds 
========================================================================
Received Import Request.
  Time since last request: 14.031429 seconds.
  path: Assets/Environment/Dungeon.prefab
  artifactKey: Guid(67406bc037caca74a83b9d4577740ea4) Importer(815301076,1909f56bfc062723c751e8b465ee728b)
Start importing Assets/Environment/Dungeon.prefab using Guid(67406bc037caca74a83b9d4577740ea4) Importer(815301076,1909f56bfc062723c751e8b465ee728b)  -> (artifact id: 'ed8dee9da1faa24e361b39d20e241a9e') in 0.188542 seconds 
========================================================================
Received Import Request.
  Time since last request: 0.000046 seconds.
  path: Assets/Environment/Wall 2.asset
  artifactKey: Guid(8c346c9f43027eb40a5ef965de6ffe1c) Importer(815301076,1909f56bfc062723c751e8b465ee728b)
Start importing Assets/Environment/Wall 2.asset using Guid(8c346c9f43027eb40a5ef965de6ffe1c) Importer(815301076,1909f56bfc062723c751e8b465ee728b)  -> (artifact id: '820a524a8d1fc92fd12ea924be05a461') in 0.124987 seconds 
========================================================================
Received Import Request.
  Time since last request: 0.000765 seconds.
  path: Assets/Environment/Wall 1.asset
  artifactKey: Guid(d92731b954d31f6488701e7c848e627a) Importer(815301076,1909f56bfc062723c751e8b465ee728b)
Start importing Assets/Environment/Wall 1.asset using Guid(d92731b954d31f6488701e7c848e627a) Importer(815301076,1909f56bfc062723c751e8b465ee728b)  -> (artifact id: 'eb2ccbc96e816e2e66a45f03d1d6c6cb') in 0.533761 seconds 
========================================================================
Received Import Request.
  Time since last request: 26.166451 seconds.
  path: Assets/Environment/Dungeon.prefab
  artifactKey: Guid(67406bc037caca74a83b9d4577740ea4) Importer(815301076,1909f56bfc062723c751e8b465ee728b)
Start importing Assets/Environment/Dungeon.prefab using Guid(67406bc037caca74a83b9d4577740ea4) Importer(815301076,1909f56bfc062723c751e8b465ee728b)  -> (artifact id: '5f6e0a9f1e91cb7f7bf1bc9631d98663') in 0.109006 seconds 
========================================================================
Received Import Request.
  Time since last request: 87.687904 seconds.
  path: Assets/Environment/Dungeon.prefab
  artifactKey: Guid(67406bc037caca74a83b9d4577740ea4) Importer(815301076,1909f56bfc062723c751e8b465ee728b)
Start importing Assets/Environment/Dungeon.prefab using Guid(67406bc037caca74a83b9d4577740ea4) Importer(815301076,1909f56bfc062723c751e8b465ee728b)  -> (artifact id: 'c8b6ebaa1e31c44f45c2234be17bb7d2') in 0.460541 seconds 
========================================================================
Received Import Request.
  Time since last request: 0.000035 seconds.
  path: Assets/Environment/Wall 2.asset
  artifactKey: Guid(8c346c9f43027eb40a5ef965de6ffe1c) Importer(815301076,1909f56bfc062723c751e8b465ee728b)
Start importing Assets/Environment/Wall 2.asset using Guid(8c346c9f43027eb40a5ef965de6ffe1c) Importer(815301076,1909f56bfc062723c751e8b465ee728b)  -> (artifact id: '1ac5dd10e6e631fe938ed2a056a5d012') in 0.044912 seconds 
========================================================================
Received Import Request.
  Time since last request: 10.010577 seconds.
  path: Assets/house2.unity
  artifactKey: Guid(5dc6ff69ffcef824f98ce49fdeee7d6f) Importer(815301076,1909f56bfc062723c751e8b465ee728b)
Start importing Assets/house2.unity using Guid(5dc6ff69ffcef824f98ce49fdeee7d6f) Importer(815301076,1909f56bfc062723c751e8b465ee728b)  -> (artifact id: 'a5a2ca0f99052e15fa5711715534bffd') in 0.032255 seconds 
========================================================================
Received Import Request.
  Time since last request: 159.181496 seconds.
  path: Assets/Environment/Wall 3.asset
  artifactKey: Guid(7d5caa43c21e8614182831d71226015e) Importer(815301076,1909f56bfc062723c751e8b465ee728b)
Start importing Assets/Environment/Wall 3.asset using Guid(7d5caa43c21e8614182831d71226015e) Importer(815301076,1909f56bfc062723c751e8b465ee728b)  -> (artifact id: '73644113d99184a0f1ca22abd74baf0c') in 0.020921 seconds 
========================================================================
Received Import Request.
  Time since last request: 18.211186 seconds.
  path: Assets/Environment/Dungeon.prefab
  artifactKey: Guid(67406bc037caca74a83b9d4577740ea4) Importer(815301076,1909f56bfc062723c751e8b465ee728b)
Start importing Assets/Environment/Dungeon.prefab using Guid(67406bc037caca74a83b9d4577740ea4) Importer(815301076,1909f56bfc062723c751e8b465ee728b)  -> (artifact id: 'f6ae0e29c208a8d72029f7621512e65a') in 0.116827 seconds 
========================================================================
Received Import Request.
  Time since last request: 54.179579 seconds.
  path: Assets/Environment/Dungeon.prefab
  artifactKey: Guid(67406bc037caca74a83b9d4577740ea4) Importer(815301076,1909f56bfc062723c751e8b465ee728b)
Start importing Assets/Environment/Dungeon.prefab using Guid(67406bc037caca74a83b9d4577740ea4) Importer(815301076,1909f56bfc062723c751e8b465ee728b)  -> (artifact id: 'e5ab41ef575269b51bc3ff6ddaabdea6') in 0.374845 seconds 
========================================================================
Received Import Request.
  Time since last request: 0.000036 seconds.
  path: Assets/Environment/Wall 3.asset
  artifactKey: Guid(7d5caa43c21e8614182831d71226015e) Importer(815301076,1909f56bfc062723c751e8b465ee728b)
Start importing Assets/Environment/Wall 3.asset using Guid(7d5caa43c21e8614182831d71226015e) Importer(815301076,1909f56bfc062723c751e8b465ee728b)  -> (artifact id: 'c872960394dbbe026da5ded2b9c26974') in 0.198930 seconds 
========================================================================
Received Import Request.
  Time since last request: 96.353338 seconds.
  path: Assets/Environment/Wall 4.asset
  artifactKey: Guid(ea657c055d26d4a4c807253682dc58e4) Importer(815301076,1909f56bfc062723c751e8b465ee728b)
Start importing Assets/Environment/Wall 4.asset using Guid(ea657c055d26d4a4c807253682dc58e4) Importer(815301076,1909f56bfc062723c751e8b465ee728b)  -> (artifact id: 'c88a8f78b8785e53bcf92999dfe8d929') in 0.014681 seconds 
========================================================================
Received Import Request.
  Time since last request: 13.484046 seconds.
  path: Assets/Environment/Dungeon.prefab
  artifactKey: Guid(67406bc037caca74a83b9d4577740ea4) Importer(815301076,1909f56bfc062723c751e8b465ee728b)
Start importing Assets/Environment/Dungeon.prefab using Guid(67406bc037caca74a83b9d4577740ea4) Importer(815301076,1909f56bfc062723c751e8b465ee728b)  -> (artifact id: '4f8b2074d91d1706f4bf93e905095ca6') in 0.163808 seconds 
========================================================================
Received Import Request.
  Time since last request: 37.306046 seconds.
  path: Assets/Environment/Dungeon.prefab
  artifactKey: Guid(67406bc037caca74a83b9d4577740ea4) Importer(815301076,1909f56bfc062723c751e8b465ee728b)
Start importing Assets/Environment/Dungeon.prefab using Guid(67406bc037caca74a83b9d4577740ea4) Importer(815301076,1909f56bfc062723c751e8b465ee728b)  -> (artifact id: '6f808c43f3bebb1566e6c72a02130af7') in 0.076552 seconds 
========================================================================
Received Import Request.
  Time since last request: 0.000025 seconds.
  path: Assets/Environment/Wall 4.asset
  artifactKey: Guid(ea657c055d26d4a4c807253682dc58e4) Importer(815301076,1909f56bfc062723c751e8b465ee728b)
Start importing Assets/Environment/Wall 4.asset using Guid(ea657c055d26d4a4c807253682dc58e4) Importer(815301076,1909f56bfc062723c751e8b465ee728b)  -> (artifact id: 'd4a0786fc166725741cef35cae9104b1') in 0.044719 seconds 
========================================================================
Received Import Request.
  Time since last request: 178.008460 seconds.
  path: Assets/Environment/Background 2.asset
  artifactKey: Guid(da23bf46359eb904d8d7e57ce2f555da) Importer(815301076,1909f56bfc062723c751e8b465ee728b)
Start importing Assets/Environment/Background 2.asset using Guid(da23bf46359eb904d8d7e57ce2f555da) Importer(815301076,1909f56bfc062723c751e8b465ee728b)  -> (artifact id: 'be9e6e0424271c97c8709b45d9544cc0') in 0.029434 seconds 
========================================================================
Received Import Request.
  Time since last request: 28.554156 seconds.
  path: Assets/Environment/Dungeon.prefab
  artifactKey: Guid(67406bc037caca74a83b9d4577740ea4) Importer(815301076,1909f56bfc062723c751e8b465ee728b)
Start importing Assets/Environment/Dungeon.prefab using Guid(67406bc037caca74a83b9d4577740ea4) Importer(815301076,1909f56bfc062723c751e8b465ee728b)  -> (artifact id: 'a32cad992481006a1e3161eabfd5bc4f') in 0.222318 seconds 
========================================================================
Received Import Request.
  Time since last request: 110.725655 seconds.
  path: Assets/Environment/Background 2.asset
  artifactKey: Guid(da23bf46359eb904d8d7e57ce2f555da) Importer(815301076,1909f56bfc062723c751e8b465ee728b)
Start importing Assets/Environment/Background 2.asset using Guid(da23bf46359eb904d8d7e57ce2f555da) Importer(815301076,1909f56bfc062723c751e8b465ee728b)  -> (artifact id: '8fe3264d03aaf65f52c5448f811517eb') in 0.060155 seconds 
========================================================================
Received Import Request.
  Time since last request: 0.000190 seconds.
  path: Assets/Environment/Wall 5.asset
  artifactKey: Guid(190e1ecbece3fd848842242e55854bcd) Importer(815301076,1909f56bfc062723c751e8b465ee728b)
Start importing Assets/Environment/Wall 5.asset using Guid(190e1ecbece3fd848842242e55854bcd) Importer(815301076,1909f56bfc062723c751e8b465ee728b)  -> (artifact id: '5dac6434989e44e6f685fb4b9adec7b7') in 0.171783 seconds 
========================================================================
Received Import Request.
  Time since last request: 0.000042 seconds.
  path: Assets/Environment/Dungeon.prefab
  artifactKey: Guid(67406bc037caca74a83b9d4577740ea4) Importer(815301076,1909f56bfc062723c751e8b465ee728b)
Start importing Assets/Environment/Dungeon.prefab using Guid(67406bc037caca74a83b9d4577740ea4) Importer(815301076,1909f56bfc062723c751e8b465ee728b)  -> (artifact id: '5c1d9af4f15278651d9750c88525c9a6') in 0.156453 seconds 
========================================================================
Received Import Request.
  Time since last request: 25.730716 seconds.
  path: Assets/Environment/Dungeon.prefab
  artifactKey: Guid(67406bc037caca74a83b9d4577740ea4) Importer(815301076,1909f56bfc062723c751e8b465ee728b)
Start importing Assets/Environment/Dungeon.prefab using Guid(67406bc037caca74a83b9d4577740ea4) Importer(815301076,1909f56bfc062723c751e8b465ee728b)  -> (artifact id: '478c06e781b14903c2d63a9232633f0b') in 0.351001 seconds 
========================================================================
Received Import Request.
  Time since last request: 1813.862134 seconds.
  path: Assets/AstarPathfindingProject/Editor/AstarPathfindingProjectEditor.asmdef
  artifactKey: Guid(865575785c1524f888e47306de0c1246) Importer(815301076,1909f56bfc062723c751e8b465ee728b)
Start importing Assets/AstarPathfindingProject/Editor/AstarPathfindingProjectEditor.asmdef using Guid(865575785c1524f888e47306de0c1246) Importer(815301076,1909f56bfc062723c751e8b465ee728b)  -> (artifact id: 'e0da5a66ef958424852f5cb99cad5cef') in 0.028050 seconds 
========================================================================
Received Import Request.
  Time since last request: 8.116940 seconds.
  path: Assets/Environment/Dungeon.prefab
  artifactKey: Guid(67406bc037caca74a83b9d4577740ea4) Importer(815301076,1909f56bfc062723c751e8b465ee728b)
Start importing Assets/Environment/Dungeon.prefab using Guid(67406bc037caca74a83b9d4577740ea4) Importer(815301076,1909f56bfc062723c751e8b465ee728b)  -> (artifact id: '532ed33cdb5ac1a5385505b21f2880b2') in 0.142334 seconds 
========================================================================
Received Import Request.
  Time since last request: 0.000091 seconds.
  path: Assets/Environment/Wall 5.asset
  artifactKey: Guid(190e1ecbece3fd848842242e55854bcd) Importer(815301076,1909f56bfc062723c751e8b465ee728b)
Start importing Assets/Environment/Wall 5.asset using Guid(190e1ecbece3fd848842242e55854bcd) Importer(815301076,1909f56bfc062723c751e8b465ee728b)  -> (artifact id: '2cb3e3cb32cf1cc643b699fec00b2f81') in 0.025656 seconds 
========================================================================
Received Prepare
Registering precompiled user dll's ...
Registered in 0.006707 seconds.
Begin MonoManager ReloadAssembly
Native extension for WindowsStandalone target not found
Native extension for WebGL target not found
Refreshing native plugins compatible for Editor in 1.78 ms, found 3 plugins.
Preloading 0 native plugins for Editor in 0.00 ms.
Mono: successfully reloaded assembly
- Completed reload, in  3.898 seconds
Domain Reload Profiling:
	ReloadAssembly (3903ms)
		BeginReloadAssembly (907ms)
			ExecutionOrderSort (0ms)
			DisableScriptedObjects (87ms)
			BackupInstance (0ms)
			ReleaseScriptingObjects (0ms)
			CreateAndSetChildDomain (416ms)
		EndReloadAssembly (2588ms)
			LoadAssemblies (364ms)
			RebuildTransferFunctionScriptingTraits (0ms)
			SetupTypeCache (712ms)
			ReleaseScriptCaches (3ms)
			RebuildScriptCaches (210ms)
			SetupLoadedEditorAssemblies (1176ms)
				LogAssemblyErrors (0ms)
				InitializePlatformSupportModulesInManaged (45ms)
				SetLoadedEditorAssemblies (1ms)
				RefreshPlugins (2ms)
				BeforeProcessingInitializeOnLoad (183ms)
				ProcessInitializeOnLoadAttributes (773ms)
				ProcessInitializeOnLoadMethodAttributes (145ms)
				AfterProcessingInitializeOnLoad (25ms)
				EditorAssembliesLoaded (1ms)
			ExecutionOrderSort2 (0ms)
			AwakeInstancesAfterBackupRestoration (30ms)
Platform modules already initialized, skipping
Refreshing native plugins compatible for Editor in 8.76 ms, found 3 plugins.
Preloading 0 native plugins for Editor in 0.00 ms.
Unloading 2587 Unused Serialized files (Serialized files now loaded: 0)
Unloading 21 unused Assets / (24.6 KB). Loaded Objects now: 3167.
Memory consumption went from 121.2 MB to 121.2 MB.
Total: 8.365300 ms (FindLiveObjects: 0.341200 ms CreateObjectMapping: 1.796300 ms MarkObjects: 6.201400 ms  DeleteObjects: 0.024600 ms)

AssetImportParameters requested are different than current active one (requested -> active):
  custom:video-decoder-ogg-theora: a1e56fd34408186e4bbccfd4996cb3dc -> 
  custom:container-muxer-webm: aa71ff27fc2769a1b78a27578f13a17b -> 
  custom:container-demuxer-webm: 4f35f7cbe854078d1ac9338744f61a02 -> 
  custom:video-encoder-webm-vp8: eb34c28f22e8b96e1ab97ce403110664 -> 
  custom:video-codec-MediaFoundation-h265: 746d11721c4dcdbdad8f713fa42b33f4 -> 
  custom:audio-encoder-webm-vorbis: bf7c407c2cedff20999df2af8eb42d56 -> 
  custom:framework-win-MediaFoundation: 216162199b28c13a410421893ffa2e32 -> 
  custom:container-demuxer-ogg: 62fdf1f143b41e24485cea50d1cbac27 -> 
  custom:video-decoder-webm-vp8: 9c59270c3fd7afecdb556c50c9e8de78 -> 
  custom:audio-decoder-ogg-vorbis: bf7c407c2cedff20999df2af8eb42d56 -> 
========================================================================
Received Prepare
Registering precompiled user dll's ...
Registered in 0.008717 seconds.
Begin MonoManager ReloadAssembly
Native extension for WindowsStandalone target not found
Native extension for WebGL target not found
Refreshing native plugins compatible for Editor in 1.75 ms, found 3 plugins.
Preloading 0 native plugins for Editor in 0.00 ms.
Mono: successfully reloaded assembly
- Completed reload, in  2.277 seconds
Domain Reload Profiling:
	ReloadAssembly (2279ms)
		BeginReloadAssembly (143ms)
			ExecutionOrderSort (0ms)
			DisableScriptedObjects (9ms)
			BackupInstance (0ms)
			ReleaseScriptingObjects (0ms)
			CreateAndSetChildDomain (40ms)
		EndReloadAssembly (2003ms)
			LoadAssemblies (89ms)
			RebuildTransferFunctionScriptingTraits (0ms)
			SetupTypeCache (345ms)
			ReleaseScriptCaches (6ms)
			RebuildScriptCaches (179ms)
			SetupLoadedEditorAssemblies (1092ms)
				LogAssemblyErrors (0ms)
				InitializePlatformSupportModulesInManaged (44ms)
				SetLoadedEditorAssemblies (2ms)
				RefreshPlugins (2ms)
				BeforeProcessingInitializeOnLoad (173ms)
				ProcessInitializeOnLoadAttributes (718ms)
				ProcessInitializeOnLoadMethodAttributes (126ms)
				AfterProcessingInitializeOnLoad (26ms)
				EditorAssembliesLoaded (1ms)
			ExecutionOrderSort2 (0ms)
			AwakeInstancesAfterBackupRestoration (28ms)
Platform modules already initialized, skipping
Refreshing native plugins compatible for Editor in 11.39 ms, found 3 plugins.
Preloading 0 native plugins for Editor in 0.00 ms.
Unloading 2587 Unused Serialized files (Serialized files now loaded: 0)
Unloading 21 unused Assets / (24.6 KB). Loaded Objects now: 3170.
Memory consumption went from 121.2 MB to 121.2 MB.
Total: 7.243200 ms (FindLiveObjects: 0.572600 ms CreateObjectMapping: 0.651600 ms MarkObjects: 5.982400 ms  DeleteObjects: 0.034800 ms)

AssetImportParameters requested are different than current active one (requested -> active):
  custom:video-decoder-ogg-theora: a1e56fd34408186e4bbccfd4996cb3dc -> 
  custom:container-muxer-webm: aa71ff27fc2769a1b78a27578f13a17b -> 
  custom:container-demuxer-webm: 4f35f7cbe854078d1ac9338744f61a02 -> 
  custom:video-encoder-webm-vp8: eb34c28f22e8b96e1ab97ce403110664 -> 
  custom:video-codec-MediaFoundation-h265: 746d11721c4dcdbdad8f713fa42b33f4 -> 
  custom:audio-encoder-webm-vorbis: bf7c407c2cedff20999df2af8eb42d56 -> 
  custom:framework-win-MediaFoundation: 216162199b28c13a410421893ffa2e32 -> 
  custom:container-demuxer-ogg: 62fdf1f143b41e24485cea50d1cbac27 -> 
  custom:video-decoder-webm-vp8: 9c59270c3fd7afecdb556c50c9e8de78 -> 
  custom:audio-decoder-ogg-vorbis: bf7c407c2cedff20999df2af8eb42d56 -> 
========================================================================
Received Prepare
Registering precompiled user dll's ...
Registered in 0.006735 seconds.
Begin MonoManager ReloadAssembly
Native extension for WindowsStandalone target not found
Native extension for WebGL target not found
Refreshing native plugins compatible for Editor in 1.51 ms, found 3 plugins.
Preloading 0 native plugins for Editor in 0.00 ms.
Mono: successfully reloaded assembly
- Completed reload, in  1.974 seconds
Domain Reload Profiling:
	ReloadAssembly (1975ms)
		BeginReloadAssembly (141ms)
			ExecutionOrderSort (0ms)
			DisableScriptedObjects (10ms)
			BackupInstance (0ms)
			ReleaseScriptingObjects (0ms)
			CreateAndSetChildDomain (41ms)
		EndReloadAssembly (1714ms)
			LoadAssemblies (87ms)
			RebuildTransferFunctionScriptingTraits (0ms)
			SetupTypeCache (282ms)
			ReleaseScriptCaches (2ms)
			RebuildScriptCaches (137ms)
			SetupLoadedEditorAssemblies (975ms)
				LogAssemblyErrors (0ms)
				InitializePlatformSupportModulesInManaged (40ms)
				SetLoadedEditorAssemblies (2ms)
				RefreshPlugins (2ms)
				BeforeProcessingInitializeOnLoad (176ms)
				ProcessInitializeOnLoadAttributes (617ms)
				ProcessInitializeOnLoadMethodAttributes (124ms)
				AfterProcessingInitializeOnLoad (14ms)
				EditorAssembliesLoaded (0ms)
			ExecutionOrderSort2 (0ms)
			AwakeInstancesAfterBackupRestoration (18ms)
Platform modules already initialized, skipping
Refreshing native plugins compatible for Editor in 5.18 ms, found 3 plugins.
Preloading 0 native plugins for Editor in 0.00 ms.
Unloading 2587 Unused Serialized files (Serialized files now loaded: 0)
Unloading 21 unused Assets / (24.7 KB). Loaded Objects now: 3173.
Memory consumption went from 121.2 MB to 121.2 MB.
Total: 7.571700 ms (FindLiveObjects: 0.508600 ms CreateObjectMapping: 0.252600 ms MarkObjects: 6.778900 ms  DeleteObjects: 0.027300 ms)

AssetImportParameters requested are different than current active one (requested -> active):
  custom:video-decoder-ogg-theora: a1e56fd34408186e4bbccfd4996cb3dc -> 
  custom:container-muxer-webm: aa71ff27fc2769a1b78a27578f13a17b -> 
  custom:container-demuxer-webm: 4f35f7cbe854078d1ac9338744f61a02 -> 
  custom:video-encoder-webm-vp8: eb34c28f22e8b96e1ab97ce403110664 -> 
  custom:video-codec-MediaFoundation-h265: 746d11721c4dcdbdad8f713fa42b33f4 -> 
  custom:audio-encoder-webm-vorbis: bf7c407c2cedff20999df2af8eb42d56 -> 
  custom:framework-win-MediaFoundation: 216162199b28c13a410421893ffa2e32 -> 
  custom:container-demuxer-ogg: 62fdf1f143b41e24485cea50d1cbac27 -> 
  custom:video-decoder-webm-vp8: 9c59270c3fd7afecdb556c50c9e8de78 -> 
  custom:audio-decoder-ogg-vorbis: bf7c407c2cedff20999df2af8eb42d56 -> 
========================================================================
Received Prepare
Registering precompiled user dll's ...
Registered in 0.005858 seconds.
Begin MonoManager ReloadAssembly
Native extension for WindowsStandalone target not found
Native extension for WebGL target not found
Refreshing native plugins compatible for Editor in 1.42 ms, found 3 plugins.
Preloading 0 native plugins for Editor in 0.00 ms.
Mono: successfully reloaded assembly
- Completed reload, in  1.960 seconds
Domain Reload Profiling:
	ReloadAssembly (1961ms)
		BeginReloadAssembly (145ms)
			ExecutionOrderSort (0ms)
			DisableScriptedObjects (8ms)
			BackupInstance (0ms)
			ReleaseScriptingObjects (0ms)
			CreateAndSetChildDomain (36ms)
		EndReloadAssembly (1705ms)
			LoadAssemblies (91ms)
			RebuildTransferFunctionScriptingTraits (0ms)
			SetupTypeCache (264ms)
			ReleaseScriptCaches (2ms)
			RebuildScriptCaches (145ms)
			SetupLoadedEditorAssemblies (966ms)
				LogAssemblyErrors (0ms)
				InitializePlatformSupportModulesInManaged (41ms)
				SetLoadedEditorAssemblies (1ms)
				RefreshPlugins (2ms)
				BeforeProcessingInitializeOnLoad (192ms)
				ProcessInitializeOnLoadAttributes (576ms)
				ProcessInitializeOnLoadMethodAttributes (133ms)
				AfterProcessingInitializeOnLoad (21ms)
				EditorAssembliesLoaded (0ms)
			ExecutionOrderSort2 (0ms)
			AwakeInstancesAfterBackupRestoration (25ms)
Platform modules already initialized, skipping
Refreshing native plugins compatible for Editor in 2.27 ms, found 3 plugins.
Preloading 0 native plugins for Editor in 0.00 ms.
Unloading 2587 Unused Serialized files (Serialized files now loaded: 0)
Unloading 21 unused Assets / (24.6 KB). Loaded Objects now: 3176.
Memory consumption went from 121.1 MB to 121.1 MB.
Total: 4.875900 ms (FindLiveObjects: 0.482700 ms CreateObjectMapping: 0.246600 ms MarkObjects: 4.125000 ms  DeleteObjects: 0.020200 ms)

AssetImportParameters requested are different than current active one (requested -> active):
  custom:video-decoder-ogg-theora: a1e56fd34408186e4bbccfd4996cb3dc -> 
  custom:container-muxer-webm: aa71ff27fc2769a1b78a27578f13a17b -> 
  custom:container-demuxer-webm: 4f35f7cbe854078d1ac9338744f61a02 -> 
  custom:video-encoder-webm-vp8: eb34c28f22e8b96e1ab97ce403110664 -> 
  custom:video-codec-MediaFoundation-h265: 746d11721c4dcdbdad8f713fa42b33f4 -> 
  custom:audio-encoder-webm-vorbis: bf7c407c2cedff20999df2af8eb42d56 -> 
  custom:framework-win-MediaFoundation: 216162199b28c13a410421893ffa2e32 -> 
  custom:container-demuxer-ogg: 62fdf1f143b41e24485cea50d1cbac27 -> 
  custom:video-decoder-webm-vp8: 9c59270c3fd7afecdb556c50c9e8de78 -> 
  custom:audio-decoder-ogg-vorbis: bf7c407c2cedff20999df2af8eb42d56 -> 
========================================================================
Received Prepare
Registering precompiled user dll's ...
Registered in 0.006197 seconds.
Begin MonoManager ReloadAssembly
Native extension for WindowsStandalone target not found
Native extension for WebGL target not found
Refreshing native plugins compatible for Editor in 1.04 ms, found 3 plugins.
Preloading 0 native plugins for Editor in 0.00 ms.
Mono: successfully reloaded assembly
- Completed reload, in  2.234 seconds
Domain Reload Profiling:
	ReloadAssembly (2238ms)
		BeginReloadAssembly (156ms)
			ExecutionOrderSort (0ms)
			DisableScriptedObjects (10ms)
			BackupInstance (0ms)
			ReleaseScriptingObjects (0ms)
			CreateAndSetChildDomain (42ms)
		EndReloadAssembly (1967ms)
			LoadAssemblies (105ms)
			RebuildTransferFunctionScriptingTraits (0ms)
			SetupTypeCache (299ms)
			ReleaseScriptCaches (2ms)
			RebuildScriptCaches (89ms)
			SetupLoadedEditorAssemblies (1236ms)
				LogAssemblyErrors (0ms)
				InitializePlatformSupportModulesInManaged (44ms)
				SetLoadedEditorAssemblies (1ms)
				RefreshPlugins (1ms)
				BeforeProcessingInitializeOnLoad (188ms)
				ProcessInitializeOnLoadAttributes (788ms)
				ProcessInitializeOnLoadMethodAttributes (181ms)
				AfterProcessingInitializeOnLoad (32ms)
				EditorAssembliesLoaded (1ms)
			ExecutionOrderSort2 (0ms)
			AwakeInstancesAfterBackupRestoration (29ms)
Platform modules already initialized, skipping
Refreshing native plugins compatible for Editor in 6.03 ms, found 3 plugins.
Preloading 0 native plugins for Editor in 0.00 ms.
Unloading 2587 Unused Serialized files (Serialized files now loaded: 0)
Unloading 21 unused Assets / (24.6 KB). Loaded Objects now: 3179.
Memory consumption went from 121.1 MB to 121.1 MB.
Total: 7.248400 ms (FindLiveObjects: 0.285600 ms CreateObjectMapping: 0.323200 ms MarkObjects: 6.600500 ms  DeleteObjects: 0.037400 ms)

AssetImportParameters requested are different than current active one (requested -> active):
  custom:video-decoder-ogg-theora: a1e56fd34408186e4bbccfd4996cb3dc -> 
  custom:container-muxer-webm: aa71ff27fc2769a1b78a27578f13a17b -> 
  custom:container-demuxer-webm: 4f35f7cbe854078d1ac9338744f61a02 -> 
  custom:video-encoder-webm-vp8: eb34c28f22e8b96e1ab97ce403110664 -> 
  custom:video-codec-MediaFoundation-h265: 746d11721c4dcdbdad8f713fa42b33f4 -> 
  custom:audio-encoder-webm-vorbis: bf7c407c2cedff20999df2af8eb42d56 -> 
  custom:framework-win-MediaFoundation: 216162199b28c13a410421893ffa2e32 -> 
  custom:container-demuxer-ogg: 62fdf1f143b41e24485cea50d1cbac27 -> 
  custom:video-decoder-webm-vp8: 9c59270c3fd7afecdb556c50c9e8de78 -> 
  custom:audio-decoder-ogg-vorbis: bf7c407c2cedff20999df2af8eb42d56 -> 
========================================================================
Received Import Request.
  Time since last request: 382.903729 seconds.
  path: Assets/cel game.unity
  artifactKey: Guid(d39a4540884a3b244b952ef4aa35dd48) Importer(815301076,1909f56bfc062723c751e8b465ee728b)
Start importing Assets/cel game.unity using Guid(d39a4540884a3b244b952ef4aa35dd48) Importer(815301076,1909f56bfc062723c751e8b465ee728b)  -> (artifact id: 'cbc138d4cbe398402d91dff44a30dc82') in 0.007415 seconds 
